<?xml version="1.0" encoding="UTF-8"?>
<robot generator="Robot 6.0.1 (Python 3.9.13 on win32)" generated="20230107 21:23:45.370" rpa="false" schemaversion="3">
<suite id="s1" name="Reading Json Element Locator" source="c:\Users\psara\Downloads\Python_Robot_Framework_Testing\Resources\reading_json_element_locator.robot">
<test id="s1-t1" name="TC01 SAY HELLO" line="16">
<kw name="Log To Console" library="BuiltIn">
<arg>Hello</arg>
<doc>Logs the given message to the console.</doc>
<status status="PASS" starttime="20230107 21:23:46.421" endtime="20230107 21:23:46.423"/>
</kw>
<status status="PASS" starttime="20230107 21:23:46.419" endtime="20230107 21:23:46.425"/>
</test>
<status status="PASS" starttime="20230107 21:23:45.537" endtime="20230107 21:23:46.427"/>
</suite>
<statistics>
<total>
<stat pass="1" fail="0" skip="0">All Tests</stat>
</total>
<tag>
</tag>
<suite>
<stat pass="1" fail="0" skip="0" id="s1" name="Reading Json Element Locator">Reading Json Element Locator</stat>
</suite>
</statistics>
<errors>
</errors>
</robot>
