<?xml version="1.0" encoding="UTF-8"?>
<robot generator="Robot 6.0.1 (Python 3.9.13 on win32)" generated="20230108 00:00:31.249" rpa="false" schemaversion="3">
<suite id="s1" name="Reading Json Element Locator" source="c:\Users\psara\Downloads\Python_Robot_Framework_Testing\Resources\reading_json_element_locator.robot">
<test id="s1-t1" name="TC01 READ DATA FROM JSON" line="14">
<kw name="RC01 EXECUTE PYTHON SCRIPT_NEW">
<var>${OUTPUT}</var>
<arg>Registration.username_text</arg>
<kw name="Get Jsonpath" library="read_locator">
<var>${TOTAL}</var>
<arg>${locator_item}</arg>
<msg timestamp="20230108 00:00:32.121" level="INFO">${TOTAL} = ['fld_username']</msg>
<status status="PASS" starttime="20230108 00:00:32.117" endtime="20230108 00:00:32.125"/>
</kw>
<kw name="Get From List" library="Collections">
<var>${OUT}</var>
<arg>${TOTAL}</arg>
<arg>0</arg>
<doc>Returns the value specified with an ``index`` from ``list``.</doc>
<msg timestamp="20230108 00:00:32.127" level="INFO">${OUT} = fld_username</msg>
<status status="PASS" starttime="20230108 00:00:32.126" endtime="20230108 00:00:32.128"/>
</kw>
<kw name="Log To Console" library="BuiltIn">
<arg>Function Return</arg>
<arg>is ${OUT}</arg>
<doc>Logs the given message to the console.</doc>
<status status="PASS" starttime="20230108 00:00:32.128" endtime="20230108 00:00:32.130"/>
</kw>
<msg timestamp="20230108 00:00:32.130" level="INFO">${OUTPUT} = fld_username</msg>
<status status="PASS" starttime="20230108 00:00:32.115" endtime="20230108 00:00:32.131"/>
</kw>
<kw name="Log To Console" library="BuiltIn">
<arg>Output is ${OUTPUT}</arg>
<doc>Logs the given message to the console.</doc>
<status status="PASS" starttime="20230108 00:00:32.131" endtime="20230108 00:00:32.133"/>
</kw>
<kw name="Open Browser" library="SeleniumLibrary">
<arg>${URL}</arg>
<arg>${BROWSER}</arg>
<doc>Opens a new browser instance to the optional ``url``.</doc>
<msg timestamp="20230108 00:00:32.137" level="INFO">Opening browser 'Chrome' to base url 'https://www.thetestingworld.com/testings/'.</msg>
<status status="PASS" starttime="20230108 00:00:32.135" endtime="20230108 00:00:39.135"/>
</kw>
<kw name="Maximize Browser Window" library="SeleniumLibrary">
<doc>Maximizes current browser window.</doc>
<status status="PASS" starttime="20230108 00:00:39.141" endtime="20230108 00:00:39.366"/>
</kw>
<kw name="Set Selenium Speed" library="SeleniumLibrary">
<arg>1 seconds</arg>
<doc>Sets the delay that is waited after each Selenium command.</doc>
<status status="PASS" starttime="20230108 00:00:39.368" endtime="20230108 00:00:39.369"/>
</kw>
<kw name="Input Text" library="SeleniumLibrary">
<arg>name:${OUTPUT}</arg>
<arg>pratik</arg>
<doc>Types the given ``text`` into the text field identified by ``locator``.</doc>
<msg timestamp="20230108 00:00:39.374" level="INFO">Typing text 'pratik' into text field 'name:fld_username'.</msg>
<status status="PASS" starttime="20230108 00:00:39.372" endtime="20230108 00:00:43.202"/>
</kw>
<kw name="Close All Browsers" library="SeleniumLibrary">
<doc>Closes all open browsers and resets the browser cache.</doc>
<status status="PASS" starttime="20230108 00:00:43.281" endtime="20230108 00:00:47.959"/>
</kw>
<status status="PASS" starttime="20230108 00:00:32.113" endtime="20230108 00:00:47.961"/>
</test>
<status status="PASS" starttime="20230108 00:00:31.268" endtime="20230108 00:00:47.972"/>
</suite>
<statistics>
<total>
<stat pass="1" fail="0" skip="0">All Tests</stat>
</total>
<tag>
</tag>
<suite>
<stat pass="1" fail="0" skip="0" id="s1" name="Reading Json Element Locator">Reading Json Element Locator</stat>
</suite>
</statistics>
<errors>
</errors>
</robot>
