<?xml version="1.0" encoding="UTF-8"?>
<robot generator="Robot 6.0.1 (Python 3.10.7 on win32)" generated="20221229 20:35:58.789" rpa="false" schemaversion="3">
<suite id="s1" name="TC01 Start Close Browser" source="C:\Users\psara\Downloads\Python_Robot_Framework\Python_Robot_Framework_Testing\TestCases\TC01_Start_Close_Browser.robot">
<test id="s1-t1" name="TC01_START_STOP Browser" line="11">
<kw name="Open Browser" library="SeleniumLibrary">
<arg>${URL}</arg>
<arg>${BROWSER}</arg>
<doc>Opens a new browser instance to the optional ``url``.</doc>
<msg timestamp="20221229 20:35:59.082" level="INFO">Opening browser 'Chrome' to base url 'https://www.google.com'.</msg>
<status status="PASS" starttime="20221229 20:35:59.082" endtime="20221229 20:36:03.263"/>
</kw>
<kw name="Close Browser" library="SeleniumLibrary">
<doc>Closes the current browser.</doc>
<status status="PASS" starttime="20221229 20:36:03.264" endtime="20221229 20:36:05.455"/>
</kw>
<status status="PASS" starttime="20221229 20:35:59.081" endtime="20221229 20:36:05.456"/>
</test>
<status status="PASS" starttime="20221229 20:35:58.792" endtime="20221229 20:36:05.457"/>
</suite>
<statistics>
<total>
<stat pass="1" fail="0" skip="0">All Tests</stat>
</total>
<tag>
</tag>
<suite>
<stat pass="1" fail="0" skip="0" id="s1" name="TC01 Start Close Browser">TC01 Start Close Browser</stat>
</suite>
</statistics>
<errors>
</errors>
</robot>
