<?xml version="1.0" encoding="UTF-8"?>
<robot generator="Robot 6.0.1 (Python 3.9.13 on win32)" generated="20230108 17:13:15.096" rpa="false" schemaversion="3">
<suite id="s1" name="Python Robot Framework Testing" source="C:\Users\psara\Downloads\Python_Robot_Framework_Testing">
<suite id="s1-s1" name="TestCases" source="C:\Users\psara\Downloads\Python_Robot_Framework_Testing\TestCases">
<suite id="s1-s1-s1" name="TC17 Read Excel Test" source="C:\Users\psara\Downloads\Python_Robot_Framework_Testing\TestCases\TC17_Read_Excel_Test.robot">
<kw name="RC01_Start_Max_Browser" library="fetch_data_from_excel_robot" type="SETUP">
<arg>${URL}</arg>
<arg>${Browser}</arg>
<kw name="Open Browser" library="SeleniumLibrary">
<arg>${URL}</arg>
<arg>${Browser}</arg>
<doc>Opens a new browser instance to the optional ``url``.</doc>
<msg timestamp="20230108 17:13:16.218" level="INFO">Opening browser 'Chrome' to base url 'https://thetestingworld.com/testings/'.</msg>
<status status="PASS" starttime="20230108 17:13:16.217" endtime="20230108 17:13:30.649"/>
</kw>
<kw name="Maximize Browser Window" library="SeleniumLibrary">
<doc>Maximizes current browser window.</doc>
<status status="PASS" starttime="20230108 17:13:30.650" endtime="20230108 17:13:30.788"/>
</kw>
<status status="PASS" starttime="20230108 17:13:16.214" endtime="20230108 17:13:30.789"/>
</kw>
<test id="s1-s1-s1-t1" name="TC01_Testing_Excel_With_Data_Driven" line="17">
<kw name="Log To Console" library="BuiltIn">
<arg>${location_name}</arg>
<doc>Logs the given message to the console.</doc>
<status status="PASS" starttime="20230108 17:13:30.791" endtime="20230108 17:13:30.794"/>
</kw>
<kw name="RC03_Read_Max_ROW" library="fetch_data_from_excel_robot">
<var>${row_val}</var>
<arg>${location_name}</arg>
<arg>${sheet_name}</arg>
<kw name="Fetch Rows From Excel" library="read_data_excel_robot">
<var>${row_no}</var>
<arg>${location}</arg>
<arg>${sheetname}</arg>
<msg timestamp="20230108 17:13:30.808" level="INFO">${row_no} = 2</msg>
<status status="PASS" starttime="20230108 17:13:30.796" endtime="20230108 17:13:30.808"/>
</kw>
<msg timestamp="20230108 17:13:30.809" level="INFO">${row_val} = 2</msg>
<status status="PASS" starttime="20230108 17:13:30.794" endtime="20230108 17:13:30.809"/>
</kw>
<for flavor="IN RANGE">
<var>${counter}</var>
<value>1</value>
<value>${row_val}+1</value>
<value>1</value>
<iter>
<var name="${counter}">1</var>
<kw name="R05_click_on_btn" library="fetch_data_from_excel_robot">
<kw name="Click Element" library="SeleniumLibrary">
<arg>xpath://label[@for='tab2']</arg>
<doc>Click the element identified by ``locator``.</doc>
<msg timestamp="20230108 17:13:30.813" level="INFO">Clicking element 'xpath://label[@for='tab2']'.</msg>
<status status="PASS" starttime="20230108 17:13:30.812" endtime="20230108 17:13:30.934"/>
</kw>
<status status="PASS" starttime="20230108 17:13:30.811" endtime="20230108 17:13:30.935"/>
</kw>
<kw name="R04_Read_Cell_Value" library="fetch_data_from_excel_robot">
<var>${username}</var>
<arg>${location_name}</arg>
<arg>${sheet_name}</arg>
<arg>${counter}</arg>
<arg>1</arg>
<kw name="Fetch All Row Column" library="read_data_excel_robot">
<var>${row_val}</var>
<arg>${location}</arg>
<arg>${sheetname}</arg>
<arg>${row}</arg>
<arg>${column}</arg>
<msg timestamp="20230108 17:13:30.971" level="INFO">${row_val} = pratik</msg>
<status status="PASS" starttime="20230108 17:13:30.939" endtime="20230108 17:13:30.972"/>
</kw>
<msg timestamp="20230108 17:13:30.972" level="INFO">${username} = pratik</msg>
<status status="PASS" starttime="20230108 17:13:30.935" endtime="20230108 17:13:30.974"/>
</kw>
<kw name="R04_Read_Cell_Value" library="fetch_data_from_excel_robot">
<var>${password}</var>
<arg>${location_name}</arg>
<arg>${sheet_name}</arg>
<arg>${counter}</arg>
<arg>2</arg>
<kw name="Fetch All Row Column" library="read_data_excel_robot">
<var>${row_val}</var>
<arg>${location}</arg>
<arg>${sheetname}</arg>
<arg>${row}</arg>
<arg>${column}</arg>
<msg timestamp="20230108 17:13:31.004" level="INFO">${row_val} = pratik123</msg>
<status status="PASS" starttime="20230108 17:13:30.975" endtime="20230108 17:13:31.005"/>
</kw>
<msg timestamp="20230108 17:13:31.006" level="INFO">${password} = pratik123</msg>
<status status="PASS" starttime="20230108 17:13:30.974" endtime="20230108 17:13:31.006"/>
</kw>
<kw name="Log To Console" library="BuiltIn">
<arg>${username}</arg>
<doc>Logs the given message to the console.</doc>
<status status="PASS" starttime="20230108 17:13:31.006" endtime="20230108 17:13:31.008"/>
</kw>
<kw name="Log To Console" library="BuiltIn">
<arg>${password}</arg>
<doc>Logs the given message to the console.</doc>
<status status="PASS" starttime="20230108 17:13:31.008" endtime="20230108 17:13:31.008"/>
</kw>
<kw name="Input Text" library="SeleniumLibrary">
<arg>name:_txtUserName</arg>
<arg>${username}</arg>
<doc>Types the given ``text`` into the text field identified by ``locator``.</doc>
<msg timestamp="20230108 17:13:31.009" level="INFO">Typing text 'pratik' into text field 'name:_txtUserName'.</msg>
<status status="PASS" starttime="20230108 17:13:31.009" endtime="20230108 17:13:31.217"/>
</kw>
<kw name="Input Text" library="SeleniumLibrary">
<arg>name:_txtPassword</arg>
<arg>${password}</arg>
<doc>Types the given ``text`` into the text field identified by ``locator``.</doc>
<msg timestamp="20230108 17:13:31.220" level="INFO">Typing text 'pratik123' into text field 'name:_txtPassword'.</msg>
<status status="PASS" starttime="20230108 17:13:31.217" endtime="20230108 17:13:31.333"/>
</kw>
<kw name="Click Element" library="SeleniumLibrary">
<arg>xpath://input[@value='Login']</arg>
<doc>Click the element identified by ``locator``.</doc>
<msg timestamp="20230108 17:13:31.335" level="INFO">Clicking element 'xpath://input[@value='Login']'.</msg>
<status status="PASS" starttime="20230108 17:13:31.334" endtime="20230108 17:13:31.894"/>
</kw>
<kw name="Sleep" library="BuiltIn">
<arg>3 seconds</arg>
<doc>Pauses the test executed for the given time.</doc>
<msg timestamp="20230108 17:13:34.908" level="INFO">Slept 3 seconds</msg>
<status status="PASS" starttime="20230108 17:13:31.895" endtime="20230108 17:13:34.908"/>
</kw>
<status status="PASS" starttime="20230108 17:13:30.811" endtime="20230108 17:13:34.909"/>
</iter>
<iter>
<var name="${counter}">2</var>
<kw name="R05_click_on_btn" library="fetch_data_from_excel_robot">
<kw name="Click Element" library="SeleniumLibrary">
<arg>xpath://label[@for='tab2']</arg>
<doc>Click the element identified by ``locator``.</doc>
<msg timestamp="20230108 17:13:34.911" level="INFO">Clicking element 'xpath://label[@for='tab2']'.</msg>
<status status="PASS" starttime="20230108 17:13:34.910" endtime="20230108 17:13:34.987"/>
</kw>
<status status="PASS" starttime="20230108 17:13:34.909" endtime="20230108 17:13:34.988"/>
</kw>
<kw name="R04_Read_Cell_Value" library="fetch_data_from_excel_robot">
<var>${username}</var>
<arg>${location_name}</arg>
<arg>${sheet_name}</arg>
<arg>${counter}</arg>
<arg>1</arg>
<kw name="Fetch All Row Column" library="read_data_excel_robot">
<var>${row_val}</var>
<arg>${location}</arg>
<arg>${sheetname}</arg>
<arg>${row}</arg>
<arg>${column}</arg>
<msg timestamp="20230108 17:13:34.999" level="INFO">${row_val} = abi</msg>
<status status="PASS" starttime="20230108 17:13:34.989" endtime="20230108 17:13:35.001"/>
</kw>
<msg timestamp="20230108 17:13:35.002" level="INFO">${username} = abi</msg>
<status status="PASS" starttime="20230108 17:13:34.988" endtime="20230108 17:13:35.003"/>
</kw>
<kw name="R04_Read_Cell_Value" library="fetch_data_from_excel_robot">
<var>${password}</var>
<arg>${location_name}</arg>
<arg>${sheet_name}</arg>
<arg>${counter}</arg>
<arg>2</arg>
<kw name="Fetch All Row Column" library="read_data_excel_robot">
<var>${row_val}</var>
<arg>${location}</arg>
<arg>${sheetname}</arg>
<arg>${row}</arg>
<arg>${column}</arg>
<msg timestamp="20230108 17:13:35.019" level="INFO">${row_val} = rika1997</msg>
<status status="PASS" starttime="20230108 17:13:35.005" endtime="20230108 17:13:35.019"/>
</kw>
<msg timestamp="20230108 17:13:35.020" level="INFO">${password} = rika1997</msg>
<status status="PASS" starttime="20230108 17:13:35.003" endtime="20230108 17:13:35.021"/>
</kw>
<kw name="Log To Console" library="BuiltIn">
<arg>${username}</arg>
<doc>Logs the given message to the console.</doc>
<status status="PASS" starttime="20230108 17:13:35.021" endtime="20230108 17:13:35.026"/>
</kw>
<kw name="Log To Console" library="BuiltIn">
<arg>${password}</arg>
<doc>Logs the given message to the console.</doc>
<status status="PASS" starttime="20230108 17:13:35.026" endtime="20230108 17:13:35.028"/>
</kw>
<kw name="Input Text" library="SeleniumLibrary">
<arg>name:_txtUserName</arg>
<arg>${username}</arg>
<doc>Types the given ``text`` into the text field identified by ``locator``.</doc>
<msg timestamp="20230108 17:13:35.029" level="INFO">Typing text 'abi' into text field 'name:_txtUserName'.</msg>
<status status="PASS" starttime="20230108 17:13:35.028" endtime="20230108 17:13:35.181"/>
</kw>
<kw name="Input Text" library="SeleniumLibrary">
<arg>name:_txtPassword</arg>
<arg>${password}</arg>
<doc>Types the given ``text`` into the text field identified by ``locator``.</doc>
<msg timestamp="20230108 17:13:35.187" level="INFO">Typing text 'rika1997' into text field 'name:_txtPassword'.</msg>
<status status="PASS" starttime="20230108 17:13:35.183" endtime="20230108 17:13:35.299"/>
</kw>
<kw name="Click Element" library="SeleniumLibrary">
<arg>xpath://input[@value='Login']</arg>
<doc>Click the element identified by ``locator``.</doc>
<msg timestamp="20230108 17:13:35.301" level="INFO">Clicking element 'xpath://input[@value='Login']'.</msg>
<status status="PASS" starttime="20230108 17:13:35.300" endtime="20230108 17:13:37.540"/>
</kw>
<kw name="Sleep" library="BuiltIn">
<arg>3 seconds</arg>
<doc>Pauses the test executed for the given time.</doc>
<msg timestamp="20230108 17:13:40.554" level="INFO">Slept 3 seconds</msg>
<status status="PASS" starttime="20230108 17:13:37.541" endtime="20230108 17:13:40.555"/>
</kw>
<status status="PASS" starttime="20230108 17:13:34.909" endtime="20230108 17:13:40.555"/>
</iter>
<status status="PASS" starttime="20230108 17:13:30.810" endtime="20230108 17:13:40.555"/>
</for>
<status status="PASS" starttime="20230108 17:13:30.789" endtime="20230108 17:13:40.556"/>
</test>
<kw name="RC02_Close_Browser" library="fetch_data_from_excel_robot" type="TEARDOWN">
<kw name="Close All Browsers" library="SeleniumLibrary">
<doc>Closes all open browsers and resets the browser cache.</doc>
<status status="PASS" starttime="20230108 17:13:40.561" endtime="20230108 17:13:46.936"/>
</kw>
<status status="PASS" starttime="20230108 17:13:40.560" endtime="20230108 17:13:46.937"/>
</kw>
<status status="PASS" starttime="20230108 17:13:15.145" endtime="20230108 17:13:46.937"/>
</suite>
<status status="PASS" starttime="20230108 17:13:15.142" endtime="20230108 17:13:46.939"/>
</suite>
<status status="PASS" starttime="20230108 17:13:15.112" endtime="20230108 17:13:46.942"/>
</suite>
<statistics>
<total>
<stat pass="1" fail="0" skip="0">All Tests</stat>
</total>
<tag>
</tag>
<suite>
<stat pass="1" fail="0" skip="0" id="s1" name="Python Robot Framework Testing">Python Robot Framework Testing</stat>
<stat pass="1" fail="0" skip="0" id="s1-s1" name="TestCases">Python Robot Framework Testing.TestCases</stat>
<stat pass="1" fail="0" skip="0" id="s1-s1-s1" name="TC17 Read Excel Test">Python Robot Framework Testing.TestCases.TC17 Read Excel Test</stat>
</suite>
</statistics>
<errors>
</errors>
</robot>
